2023-04-22 11:57:43 INFO  Log:15 - *****************************
2023-04-22 11:57:43 INFO  Log:16 - *****************************
2023-04-22 11:57:43 INFO  Log:17 - *********This is the beginning of my Test Case************
2023-04-22 11:57:43 INFO  Log:27 - My test case is executing right now
2023-04-22 11:57:43 INFO  Log:31 - my test case might have some trivial issues
2023-04-22 11:57:49 INFO  Log:27 - This test case is about to get completed
2023-04-22 11:57:49 INFO  Log:21 - ##############################
2023-04-22 11:57:49 INFO  Log:22 - ###############################
2023-04-22 11:57:49 INFO  Log:23 - ########This test case is finished################
2023-04-26 01:35:27 INFO  Log:15 - *****************************
2023-04-26 01:35:27 INFO  Log:16 - *****************************
2023-04-26 01:35:27 INFO  Log:17 - *********This is the beginning of my Test Case************
2023-04-26 01:35:27 INFO  Log:27 - My test case is executing right now
2023-04-26 01:35:27 INFO  Log:31 - my test case might have some trivial issues
2023-04-26 01:35:33 INFO  Log:27 - This test case is about to get completed
2023-04-26 01:35:33 INFO  Log:21 - ##############################
2023-04-26 01:35:33 INFO  Log:22 - ###############################
2023-04-26 01:35:33 INFO  Log:23 - ########This test case is finished################
2023-05-13 12:33:20 INFO  Log:15 - *****************************
2023-05-13 12:33:20 INFO  Log:16 - *****************************
2023-05-13 12:33:20 INFO  Log:17 - *********This is the beginning of my Test Case************
2023-05-13 12:33:20 INFO  Log:27 - My test case is executing right now
2023-05-13 12:33:20 INFO  Log:31 - my test case might have some trivial issues
2023-05-30 21:34:50 INFO  Log:15 - *****************************
2023-05-30 21:34:50 INFO  Log:16 - *****************************
2023-05-30 21:34:50 INFO  Log:17 - *********This is the beginning of my Test Case************
2023-05-30 21:34:50 INFO  Log:27 - My test case is executing right now
2023-05-30 21:34:50 INFO  Log:31 - my test case might have some trivial issues
2023-05-30 21:41:27 INFO  Log:15 - *****************************
2023-05-30 21:41:27 INFO  Log:16 - *****************************
2023-05-30 21:41:27 INFO  Log:17 - *********This is the beginning of my Test Case************
2023-05-30 21:41:27 INFO  Log:27 - My test case is executing right now
2023-05-30 21:41:27 INFO  Log:31 - my test case might have some trivial issues
2023-05-31 21:10:36 INFO  Log:15 - *****************************
2023-05-31 21:10:36 INFO  Log:16 - *****************************
2023-05-31 21:10:36 INFO  Log:17 - *********This is the beginning of my Test Case************
2023-05-31 21:10:36 INFO  Log:27 - My test case is executing right now
2023-05-31 21:10:36 INFO  Log:31 - my test case might have some trivial issues
2023-05-31 21:15:13 INFO  Log:15 - *****************************
2023-05-31 21:15:13 INFO  Log:16 - *****************************
2023-05-31 21:15:13 INFO  Log:17 - *********This is the beginning of my Test Case************
2023-05-31 21:15:13 INFO  Log:27 - My test case is executing right now
2023-05-31 21:15:13 INFO  Log:31 - my test case might have some trivial issues
2023-05-31 21:15:20 INFO  Log:27 - This test case is about to get completed
2023-05-31 21:15:20 INFO  Log:21 - ##############################
2023-05-31 21:15:20 INFO  Log:22 - ###############################
2023-05-31 21:15:20 INFO  Log:23 - ########This test case is finished################
2023-05-31 21:25:38 INFO  Log:15 - *****************************
2023-05-31 21:25:38 INFO  Log:16 - *****************************
2023-05-31 21:25:38 INFO  Log:17 - *********This is the beginning of my Test Case************
2023-05-31 21:25:38 INFO  Log:27 - My test case is executing right now
2023-05-31 21:25:38 INFO  Log:31 - my test case might have some trivial issues
2023-05-31 21:28:05 INFO  Log:15 - *****************************
2023-05-31 21:28:05 INFO  Log:16 - *****************************
2023-05-31 21:28:05 INFO  Log:17 - *********This is the beginning of my Test Case************
2023-05-31 21:28:05 INFO  Log:27 - My test case is executing right now
2023-05-31 21:28:05 INFO  Log:31 - my test case might have some trivial issues
2023-05-31 21:28:13 INFO  Log:27 - This test case is about to get completed
2023-05-31 21:28:13 INFO  Log:21 - ##############################
2023-05-31 21:28:13 INFO  Log:22 - ###############################
2023-05-31 21:28:13 INFO  Log:23 - ########This test case is finished################
2023-05-31 21:39:39 INFO  Log:15 - *****************************
2023-05-31 21:39:39 INFO  Log:16 - *****************************
2023-05-31 21:39:39 INFO  Log:17 - *********This is the beginning of my Test Case************
2023-05-31 21:39:39 INFO  Log:27 - My test case is executing right now
2023-05-31 21:39:39 INFO  Log:31 - my test case might have some trivial issues
2023-05-31 21:39:47 INFO  Log:27 - This test case is about to get completed
2023-05-31 21:39:47 INFO  Log:21 - ##############################
2023-05-31 21:39:47 INFO  Log:22 - ###############################
2023-05-31 21:39:47 INFO  Log:23 - ########This test case is finished################
2023-05-31 22:18:39 INFO  Log:15 - *****************************
2023-05-31 22:18:39 INFO  Log:16 - *****************************
2023-05-31 22:18:39 INFO  Log:17 - *********This is the beginning of my Test Case************
2023-05-31 22:18:39 INFO  Log:27 - My test case is executing right now
2023-05-31 22:18:39 INFO  Log:31 - my test case might have some trivial issues
2023-05-31 22:18:47 INFO  Log:27 - This test case is about to get completed
2023-05-31 22:18:47 INFO  Log:21 - ##############################
2023-05-31 22:18:47 INFO  Log:22 - ###############################
2023-05-31 22:18:47 INFO  Log:23 - ########This test case is finished################
2023-05-31 22:22:02 INFO  Log:15 - *****************************
2023-05-31 22:22:02 INFO  Log:16 - *****************************
2023-05-31 22:22:02 INFO  Log:17 - *********This is the beginning of my Test Case************
2023-05-31 22:22:02 INFO  Log:27 - My test case is executing right now
2023-05-31 22:22:02 INFO  Log:31 - my test case might have some trivial issues
2023-05-31 22:22:10 INFO  Log:27 - This test case is about to get completed
2023-05-31 22:22:10 INFO  Log:21 - ##############################
2023-05-31 22:22:10 INFO  Log:22 - ###############################
2023-05-31 22:22:10 INFO  Log:23 - ########This test case is finished################
2023-05-31 22:52:09 INFO  Log:15 - *****************************
2023-05-31 22:52:09 INFO  Log:16 - *****************************
2023-05-31 22:52:09 INFO  Log:17 - *********This is the beginning of my Test Case************
2023-05-31 22:52:09 INFO  Log:27 - My test case is executing right now
2023-05-31 22:52:09 INFO  Log:31 - my test case might have some trivial issues
2023-05-31 22:52:16 INFO  Log:27 - This test case is about to get completed
2023-05-31 22:52:16 INFO  Log:21 - ##############################
2023-05-31 22:52:16 INFO  Log:22 - ###############################
2023-05-31 22:52:16 INFO  Log:23 - ########This test case is finished################
2023-05-31 23:29:41 INFO  Log:15 - *****************************
2023-05-31 23:29:41 INFO  Log:16 - *****************************
2023-05-31 23:29:41 INFO  Log:17 - *********This is the beginning of my Test Case************
2023-05-31 23:29:41 INFO  Log:27 - My test case is executing right now
2023-05-31 23:29:41 INFO  Log:31 - my test case might have some trivial issues
2023-05-31 23:29:51 INFO  Log:27 - This test case is about to get completed
2023-05-31 23:29:51 INFO  Log:21 - ##############################
2023-05-31 23:29:51 INFO  Log:22 - ###############################
2023-05-31 23:29:51 INFO  Log:23 - ########This test case is finished################
2023-05-31 23:34:38 INFO  Log:15 - *****************************
2023-05-31 23:34:38 INFO  Log:16 - *****************************
2023-05-31 23:34:38 INFO  Log:17 - *********This is the beginning of my Test Case************
2023-05-31 23:34:38 INFO  Log:27 - My test case is executing right now
2023-05-31 23:34:38 INFO  Log:31 - my test case might have some trivial issues
2023-05-31 23:36:50 INFO  Log:15 - *****************************
2023-05-31 23:36:50 INFO  Log:16 - *****************************
2023-05-31 23:36:50 INFO  Log:17 - *********This is the beginning of my Test Case************
2023-05-31 23:36:50 INFO  Log:27 - My test case is executing right now
2023-05-31 23:36:50 INFO  Log:31 - my test case might have some trivial issues
2023-05-31 23:37:02 INFO  Log:27 - This test case is about to get completed
2023-05-31 23:37:02 INFO  Log:21 - ##############################
2023-05-31 23:37:02 INFO  Log:22 - ###############################
2023-05-31 23:37:02 INFO  Log:23 - ########This test case is finished################
2023-06-01 00:09:02 INFO  Log:15 - *****************************
2023-06-01 00:09:02 INFO  Log:16 - *****************************
2023-06-01 00:09:02 INFO  Log:17 - *********This is the beginning of my Test Case************
2023-06-01 00:09:02 INFO  Log:27 - My test case is executing right now
2023-06-01 00:09:02 INFO  Log:31 - my test case might have some trivial issues
2023-06-01 00:09:10 INFO  Log:27 - This test case is about to get completed
2023-06-01 00:09:10 INFO  Log:21 - ##############################
2023-06-01 00:09:10 INFO  Log:22 - ###############################
2023-06-01 00:09:10 INFO  Log:23 - ########This test case is finished################
